<?xml version="1.0" encoding="UTF-8"?>
<!-- Generated by org.testng.reporters.JUnitReportReporter -->
<testsuite hostname="DESKTOP-980EN9B" failures="0" tests="5" name="jc.mangachapterdownloads.GetMangaChapters" time="21.326" errors="2" timestamp="2022-10-12T21:02:02 EDT" skipped="3">
  <testcase classname="jc.mangachapterdownloads.GetMangaChapters" name="stopApplication" time="9.831">
    <error message="Tried to run command without establishing a connection
Build info: version: &#039;4.4.0&#039;, revision: &#039;e5c75ed026a&#039;
System info: host: &#039;DESKTOP-980EN9B&#039;, ip: &#039;192.168.1.210&#039;, os.name: &#039;Windows 10&#039;, os.arch: &#039;amd64&#039;, os.version: &#039;10.0&#039;, java.version: &#039;15&#039;
Driver info: org.openqa.selenium.firefox.FirefoxDriver
Command: [8bee84e7-af75-4536-aed5-572c0b0bc0d0, quit {}]
Capabilities {acceptInsecureCerts: true, browserName: firefox, browserVersion: 105.0.3, moz:accessibilityChecks: false, moz:buildID: 20221007134813, moz:debuggerAddress: 127.0.0.1:64460, moz:geckodriverVersion: 0.31.0, moz:headless: false, moz:platformVersion: 10.0, moz:processID: 36760, moz:profile: C:\Users\xXJul\AppData\Loca..., moz:shutdownTimeout: 60000, moz:useNonSpecCompliantPointerOrigin: false, moz:webdriverClick: true, moz:windowless: false, pageLoadStrategy: normal, platformName: WINDOWS, proxy: Proxy(), se:cdp: ws://127.0.0.1:64460/devtoo..., se:cdpVersion: 85.0, setWindowRect: true, strictFileInteractability: false, timeouts: {implicit: 0, pageLoad: 300000, script: 30000}, unhandledPromptBehavior: dismiss and notify}
Session ID: 8bee84e7-af75-4536-aed5-572c0b0bc0d0" type="org.openqa.selenium.NoSuchSessionException">
      <![CDATA[org.openqa.selenium.NoSuchSessionException: Tried to run command without establishing a connection
Build info: version: '4.4.0', revision: 'e5c75ed026a'
System info: host: 'DESKTOP-980EN9B', ip: '192.168.1.210', os.name: 'Windows 10', os.arch: 'amd64', os.version: '10.0', java.version: '15'
Driver info: org.openqa.selenium.firefox.FirefoxDriver
Command: [8bee84e7-af75-4536-aed5-572c0b0bc0d0, quit {}]
Capabilities {acceptInsecureCerts: true, browserName: firefox, browserVersion: 105.0.3, moz:accessibilityChecks: false, moz:buildID: 20221007134813, moz:debuggerAddress: 127.0.0.1:64460, moz:geckodriverVersion: 0.31.0, moz:headless: false, moz:platformVersion: 10.0, moz:processID: 36760, moz:profile: C:\Users\xXJul\AppData\Loca..., moz:shutdownTimeout: 60000, moz:useNonSpecCompliantPointerOrigin: false, moz:webdriverClick: true, moz:windowless: false, pageLoadStrategy: normal, platformName: WINDOWS, proxy: Proxy(), se:cdp: ws://127.0.0.1:64460/devtoo..., se:cdpVersion: 85.0, setWindowRect: true, strictFileInteractability: false, timeouts: {implicit: 0, pageLoad: 300000, script: 30000}, unhandledPromptBehavior: dismiss and notify}
Session ID: 8bee84e7-af75-4536-aed5-572c0b0bc0d0
at java.base/jdk.internal.reflect.NativeConstructorAccessorImpl.newInstance0(Native Method)
at java.base/jdk.internal.reflect.NativeConstructorAccessorImpl.newInstance(NativeConstructorAccessorImpl.java:64)
at java.base/jdk.internal.reflect.DelegatingConstructorAccessorImpl.newInstance(DelegatingConstructorAccessorImpl.java:45)
at java.base/java.lang.reflect.Constructor.newInstanceWithCaller(Constructor.java:500)
at java.base/java.lang.reflect.Constructor.newInstance(Constructor.java:481)
at org.openqa.selenium.remote.codec.w3c.W3CHttpResponseCodec.createException(W3CHttpResponseCodec.java:200)
at org.openqa.selenium.remote.codec.w3c.W3CHttpResponseCodec.decode(W3CHttpResponseCodec.java:133)
at org.openqa.selenium.remote.codec.w3c.W3CHttpResponseCodec.decode(W3CHttpResponseCodec.java:53)
at org.openqa.selenium.remote.HttpCommandExecutor.execute(HttpCommandExecutor.java:184)
at org.openqa.selenium.remote.service.DriverCommandExecutor.invokeExecute(DriverCommandExecutor.java:167)
at org.openqa.selenium.remote.service.DriverCommandExecutor.lambda$execute$1(DriverCommandExecutor.java:105)
at java.base/java.util.concurrent.CompletableFuture$AsyncSupply.run(CompletableFuture.java:1764)
at java.base/java.util.concurrent.ThreadPoolExecutor.runWorker(ThreadPoolExecutor.java:1130)
at java.base/java.util.concurrent.ThreadPoolExecutor$Worker.run(ThreadPoolExecutor.java:630)
at java.base/java.lang.Thread.run(Thread.java:832)
]]>
    </error>
  </testcase> <!-- stopApplication -->
  <system-out/>
  <testcase classname="jc.mangachapterdownloads.GetMangaChapters" name="getMHAChapter" time="0.000">
    <skipped/>
  </testcase> <!-- getMHAChapter -->
  <system-out/>
  <testcase classname="jc.mangachapterdownloads.GetMangaChapters" name="getJJKChapter" time="0.000">
    <skipped/>
  </testcase> <!-- getJJKChapter -->
  <system-out/>
  <testcase classname="jc.mangachapterdownloads.GetMangaChapters" name="getCSMChapter" time="11.495">
    <error message="Failed to decode response from marionette
Build info: version: &#039;4.4.0&#039;, revision: &#039;e5c75ed026a&#039;
System info: host: &#039;DESKTOP-980EN9B&#039;, ip: &#039;192.168.1.210&#039;, os.name: &#039;Windows 10&#039;, os.arch: &#039;amd64&#039;, os.version: &#039;10.0&#039;, java.version: &#039;15&#039;
Driver info: org.openqa.selenium.firefox.FirefoxDriver
Command: [8bee84e7-af75-4536-aed5-572c0b0bc0d0, screenshot {}]
Capabilities {acceptInsecureCerts: true, browserName: firefox, browserVersion: 105.0.3, moz:accessibilityChecks: false, moz:buildID: 20221007134813, moz:debuggerAddress: 127.0.0.1:64460, moz:geckodriverVersion: 0.31.0, moz:headless: false, moz:platformVersion: 10.0, moz:processID: 36760, moz:profile: C:\Users\xXJul\AppData\Loca..., moz:shutdownTimeout: 60000, moz:useNonSpecCompliantPointerOrigin: false, moz:webdriverClick: true, moz:windowless: false, pageLoadStrategy: normal, platformName: WINDOWS, proxy: Proxy(), se:cdp: ws://127.0.0.1:64460/devtoo..., se:cdpVersion: 85.0, setWindowRect: true, strictFileInteractability: false, timeouts: {implicit: 0, pageLoad: 300000, script: 30000}, unhandledPromptBehavior: dismiss and notify}
Session ID: 8bee84e7-af75-4536-aed5-572c0b0bc0d0" type="org.openqa.selenium.WebDriverException">
      <![CDATA[org.openqa.selenium.WebDriverException: Failed to decode response from marionette
Build info: version: '4.4.0', revision: 'e5c75ed026a'
System info: host: 'DESKTOP-980EN9B', ip: '192.168.1.210', os.name: 'Windows 10', os.arch: 'amd64', os.version: '10.0', java.version: '15'
Driver info: org.openqa.selenium.firefox.FirefoxDriver
Command: [8bee84e7-af75-4536-aed5-572c0b0bc0d0, screenshot {}]
Capabilities {acceptInsecureCerts: true, browserName: firefox, browserVersion: 105.0.3, moz:accessibilityChecks: false, moz:buildID: 20221007134813, moz:debuggerAddress: 127.0.0.1:64460, moz:geckodriverVersion: 0.31.0, moz:headless: false, moz:platformVersion: 10.0, moz:processID: 36760, moz:profile: C:\Users\xXJul\AppData\Loca..., moz:shutdownTimeout: 60000, moz:useNonSpecCompliantPointerOrigin: false, moz:webdriverClick: true, moz:windowless: false, pageLoadStrategy: normal, platformName: WINDOWS, proxy: Proxy(), se:cdp: ws://127.0.0.1:64460/devtoo..., se:cdpVersion: 85.0, setWindowRect: true, strictFileInteractability: false, timeouts: {implicit: 0, pageLoad: 300000, script: 30000}, unhandledPromptBehavior: dismiss and notify}
Session ID: 8bee84e7-af75-4536-aed5-572c0b0bc0d0
at java.base/jdk.internal.reflect.NativeConstructorAccessorImpl.newInstance0(Native Method)
at java.base/jdk.internal.reflect.NativeConstructorAccessorImpl.newInstance(NativeConstructorAccessorImpl.java:64)
at java.base/jdk.internal.reflect.DelegatingConstructorAccessorImpl.newInstance(DelegatingConstructorAccessorImpl.java:45)
at java.base/java.lang.reflect.Constructor.newInstanceWithCaller(Constructor.java:500)
at java.base/java.lang.reflect.Constructor.newInstance(Constructor.java:481)
at org.openqa.selenium.remote.codec.w3c.W3CHttpResponseCodec.createException(W3CHttpResponseCodec.java:200)
at org.openqa.selenium.remote.codec.w3c.W3CHttpResponseCodec.decode(W3CHttpResponseCodec.java:133)
at org.openqa.selenium.remote.codec.w3c.W3CHttpResponseCodec.decode(W3CHttpResponseCodec.java:53)
at org.openqa.selenium.remote.HttpCommandExecutor.execute(HttpCommandExecutor.java:184)
at org.openqa.selenium.remote.service.DriverCommandExecutor.invokeExecute(DriverCommandExecutor.java:167)
at org.openqa.selenium.remote.service.DriverCommandExecutor.execute(DriverCommandExecutor.java:142)
at org.openqa.selenium.remote.RemoteWebDriver.execute(RemoteWebDriver.java:547)
at org.openqa.selenium.remote.RemoteWebDriver.execute(RemoteWebDriver.java:602)
at org.openqa.selenium.remote.RemoteWebDriver.execute(RemoteWebDriver.java:606)
at org.openqa.selenium.remote.RemoteWebDriver.getScreenshotAs(RemoteWebDriver.java:331)
at ru.yandex.qatools.ashot.shooting.SimpleShootingStrategy.getScreenshot(SimpleShootingStrategy.java:31)
at ru.yandex.qatools.ashot.shooting.ViewportPastingDecorator.getScreenshot(ViewportPastingDecorator.java:53)
at ru.yandex.qatools.ashot.AShot.takeScreenshot(AShot.java:117)
at ru.yandex.qatools.ashot.AShot.takeScreenshot(AShot.java:134)
at jc.mangapageobjects.ChapterPage.getPageImages(ChapterPage.java:41)
at jc.mangachapterdownloads.GetMangaChapters.getCSMChapter(GetMangaChapters.java:43)
at java.base/jdk.internal.reflect.NativeMethodAccessorImpl.invoke0(Native Method)
at java.base/jdk.internal.reflect.NativeMethodAccessorImpl.invoke(NativeMethodAccessorImpl.java:64)
at java.base/jdk.internal.reflect.DelegatingMethodAccessorImpl.invoke(DelegatingMethodAccessorImpl.java:43)
at java.base/java.lang.reflect.Method.invoke(Method.java:564)
at org.testng.internal.invokers.MethodInvocationHelper.invokeMethod(MethodInvocationHelper.java:139)
at org.testng.internal.invokers.TestInvoker.invokeMethod(TestInvoker.java:677)
at org.testng.internal.invokers.TestInvoker.invokeTestMethod(TestInvoker.java:221)
at org.testng.internal.invokers.MethodRunner.runInSequence(MethodRunner.java:50)
at org.testng.internal.invokers.TestInvoker$MethodInvocationAgent.invoke(TestInvoker.java:962)
at org.testng.internal.invokers.TestInvoker.invokeTestMethods(TestInvoker.java:194)
at org.testng.internal.invokers.TestMethodWorker.invokeTestMethods(TestMethodWorker.java:148)
at org.testng.internal.invokers.TestMethodWorker.run(TestMethodWorker.java:128)
at java.base/java.util.ArrayList.forEach(ArrayList.java:1511)
at org.testng.TestRunner.privateRun(TestRunner.java:806)
at org.testng.TestRunner.run(TestRunner.java:601)
at org.testng.SuiteRunner.runTest(SuiteRunner.java:433)
at org.testng.SuiteRunner.runSequentially(SuiteRunner.java:427)
at org.testng.SuiteRunner.privateRun(SuiteRunner.java:387)
at org.testng.SuiteRunner.run(SuiteRunner.java:330)
at org.testng.SuiteRunnerWorker.runSuite(SuiteRunnerWorker.java:52)
at org.testng.SuiteRunnerWorker.run(SuiteRunnerWorker.java:95)
at org.testng.TestNG.runSuitesSequentially(TestNG.java:1256)
at org.testng.TestNG.runSuitesLocally(TestNG.java:1176)
at org.testng.TestNG.runSuites(TestNG.java:1099)
at org.testng.TestNG.run(TestNG.java:1067)
at org.testng.remote.AbstractRemoteTestNG.run(AbstractRemoteTestNG.java:115)
at org.testng.remote.RemoteTestNG.initAndRun(RemoteTestNG.java:251)
at org.testng.remote.RemoteTestNG.main(RemoteTestNG.java:77)
]]>
    </error>
  </testcase> <!-- getCSMChapter -->
  <system-out/>
  <testcase classname="jc.mangachapterdownloads.GetMangaChapters" name="getOnePieceChapter" time="0.000">
    <skipped/>
  </testcase> <!-- getOnePieceChapter -->
  <system-out/>
</testsuite> <!-- jc.mangachapterdownloads.GetMangaChapters -->
